

*******************************************************************************
Mon Mar  9 13:15:59 2020


FIT:    data read from 'salidahanoi-media.dat'
        format = z
        #datapoints = 25
        residuals are weighted equally (unit weight)

function used for fitting: f(x)
	f(x) = a0*exp(x)
fitted parameters initialized with current variable values

iter      chisq       delta/lim  lambda   a0           
   0 3.9371053125e+29   0.00e+00  1.25e+14    1.000000e+00
   5 2.6717646112e+02  -8.92e-04  1.25e+09    1.563009e-13

After 5 iterations the fit converged.
final sum of squares of residuals : 267.176
rel. change during last iteration : -8.92159e-09

degrees of freedom    (FIT_NDF)                        : 24
rms of residuals      (FIT_STDFIT) = sqrt(WSSR/ndf)    : 3.33652
variance of residuals (reduced chisquare) = WSSR/ndf   : 11.1324

Final set of parameters            Asymptotic Standard Error
=======================            ==========================
a0              = 1.56301e-13      +/- 5.317e-15    (3.402%)
