Id. usuario del trabajo: a2estudiante18
Id. del trabajo: 48971
Nombre del trabajo especificado por usuario: pmv-OpenMP-a
Directorio de trabajo (en el que se ejecuta el script):
/home/a2estudiante18/bp3/ejer10
Cola: ac
Nodo que ejecuta este trabajo:atcgrid
No de nodos asignados al trabajo: 1
Nodos asignados al trabajo: atcgrid1
CPUs por nodo: 12
1 PROCESADOR
TAMA = 100
Tiempo: 0.002117037
A[0][0]: 32835000, A[n-1][n-1]: 736867754
TAMA = 500
Tiempo: 0.347972260
A[0][0]: -703961480, A[n-1][n-1]: -919984078
TAMA = 1000
Tiempo: 8.955423230
A[0][0]: 2121018208, A[n-1][n-1]: -1791712428
--------------------------
2 PROCESADOR
TAMA = 100
Tiempo: 0.001068349
A[0][0]: 32835000, A[n-1][n-1]: 736867754
TAMA = 500
Tiempo: 0.179810324
A[0][0]: -703961480, A[n-1][n-1]: -919984078
TAMA = 1000
Tiempo: 4.674557333
A[0][0]: 2121018208, A[n-1][n-1]: -1791712428
--------------------------
3 PROCESADOR
TAMA = 100
Tiempo: 0.000565504
A[0][0]: 32835000, A[n-1][n-1]: 736867754
TAMA = 500
Tiempo: 0.135204833
A[0][0]: -703961480, A[n-1][n-1]: -919984078
TAMA = 1000
Tiempo: 3.259309805
A[0][0]: 2121018208, A[n-1][n-1]: -1791712428
--------------------------
4 PROCESADOR
TAMA = 100
Tiempo: 0.000472528
A[0][0]: 32835000, A[n-1][n-1]: 736867754
TAMA = 500
Tiempo: 0.105428375
A[0][0]: -703961480, A[n-1][n-1]: -919984078
TAMA = 1000
Tiempo: 2.506129095
A[0][0]: 2121018208, A[n-1][n-1]: -1791712428
--------------------------
5 PROCESADOR
TAMA = 100
Tiempo: 0.000380559
A[0][0]: 32835000, A[n-1][n-1]: 736867754
TAMA = 500
Tiempo: 0.087425006
A[0][0]: -703961480, A[n-1][n-1]: -919984078
TAMA = 1000
Tiempo: 2.063300397
A[0][0]: 2121018208, A[n-1][n-1]: -1791712428
--------------------------
6 PROCESADOR
TAMA = 100
Tiempo: 0.000298039
A[0][0]: 32835000, A[n-1][n-1]: 736867754
TAMA = 500
Tiempo: 0.078853965
A[0][0]: -703961480, A[n-1][n-1]: -919984078
TAMA = 1000
Tiempo: 1.729044876
A[0][0]: 2121018208, A[n-1][n-1]: -1791712428
--------------------------
7 PROCESADOR
TAMA = 100
Tiempo: 0.000252822
A[0][0]: 32835000, A[n-1][n-1]: 736867754
TAMA = 500
Tiempo: 0.060016254
A[0][0]: -703961480, A[n-1][n-1]: -919984078
TAMA = 1000
Tiempo: 1.474745352
A[0][0]: 2121018208, A[n-1][n-1]: -1791712428
--------------------------
8 PROCESADOR
TAMA = 100
Tiempo: 0.000210111
A[0][0]: 32835000, A[n-1][n-1]: 736867754
TAMA = 500
Tiempo: 0.051129003
A[0][0]: -703961480, A[n-1][n-1]: -919984078
TAMA = 1000
Tiempo: 1.282685215
A[0][0]: 2121018208, A[n-1][n-1]: -1791712428
--------------------------
9 PROCESADOR
TAMA = 100
Tiempo: 0.000198116
A[0][0]: 32835000, A[n-1][n-1]: 736867754
TAMA = 500
Tiempo: 0.043063513
A[0][0]: -703961480, A[n-1][n-1]: -919984078
TAMA = 1000
Tiempo: 1.139099332
A[0][0]: 2121018208, A[n-1][n-1]: -1791712428
--------------------------
10 PROCESADOR
TAMA = 100
Tiempo: 0.000177675
A[0][0]: 32835000, A[n-1][n-1]: 736867754
TAMA = 500
Tiempo: 0.041853227
A[0][0]: -703961480, A[n-1][n-1]: -919984078
TAMA = 1000
Tiempo: 1.032653192
A[0][0]: 2121018208, A[n-1][n-1]: -1791712428
--------------------------
11 PROCESADOR
TAMA = 100
Tiempo: 0.000174758
A[0][0]: 32835000, A[n-1][n-1]: 736867754
TAMA = 500
Tiempo: 0.037818019
A[0][0]: -703961480, A[n-1][n-1]: -919984078
TAMA = 1000
Tiempo: 0.927795228
A[0][0]: 2121018208, A[n-1][n-1]: -1791712428
--------------------------
12 PROCESADOR
TAMA = 100
Tiempo: 0.000165090
A[0][0]: 32835000, A[n-1][n-1]: 736867754
TAMA = 500
Tiempo: 0.032905981
A[0][0]: -703961480, A[n-1][n-1]: -919984078
TAMA = 1000
Tiempo: 0.855644910
A[0][0]: 2121018208, A[n-1][n-1]: -1791712428
