Id. usuario del trabajo: a2estudiante18
Id. del trabajo: 17727
Nombre del trabajo especificado por usuario: helloOMP
Directorio de trabajo (en el que se ejecuta el script): /home/a2estudiante18/bp0/ejer4
Cola: ac
Nodo que ejecuta este trabajo:atcgrid
Nº de nodos asignados al trabajo: 1
Nodos asignados al trabajo: atcgrid1
CPUs por nodo: 24

 1. Ejecución helloOMP2 una vez sin cambiar nº de threads (valor por defecto):

(10:!!!Hello(10:world!!!(8:!!!Hello(0:!!!Hello(8:world!!!(0:world!!!(11:!!!Hello(9:!!!Hello(9:world!!!(11:world!!!(6:!!!Hello(4:!!!Hello(7:!!!Hello(5:!!!Hello(1:!!!Hello(5:world!!!(7:world!!!(1:world!!!(3:!!!Hello(3:world!!!(4:world!!!(6:world!!!(2:!!!Hello(2:world!!!
 2. Ejecución helloOMP2 varias veces con distinto nº de threads:


  - Para 12 threads:
(0:!!!Hello(0:world!!!(8:!!!Hello(8:world!!!(1:!!!Hello(1:world!!!(4:!!!Hello(4:world!!!(10:!!!Hello(10:world!!!(2:!!!Hello(2:world!!!(7:!!!Hello(7:world!!!(6:!!!Hello(6:world!!!(3:!!!Hello(3:world!!!(11:!!!Hello(11:world!!!(9:!!!Hello(9:world!!!(5:!!!Hello(5:world!!!
  - Para 6 threads:
(2:!!!Hello(2:world!!!(0:!!!Hello(0:world!!!(4:!!!Hello(4:world!!!(1:!!!Hello(1:world!!!(3:!!!Hello(3:world!!!(5:!!!Hello(5:world!!!
  - Para 3 threads:
(0:!!!Hello(0:world!!!(1:!!!Hello(1:world!!!(2:!!!Hello(2:world!!!
  - Para 1 threads:
(0:!!!Hello(0:world!!!